<?xml version="1.0" encoding="UTF-8"?>
<!-- Generated by org.testng.reporters.JUnitReportReporter -->
<testsuite hostname="shubraj-22024452H" failures="0" tests="1" name="learn.BillingCare.LoginTestBRM" time="3.128" errors="0" timestamp="2022-08-07T09:08:32 IST" skipped="0">
  <testcase classname="learn.BillingCare.LoginTestBRM" name="loginApp" time="3.128"/>
  <system-out/>
</testsuite> <!-- learn.BillingCare.LoginTestBRM -->
